GROUP,PACKAGE,CLASS,INSTRUCTION_MISSED,INSTRUCTION_COVERED,BRANCH_MISSED,BRANCH_COVERED,LINE_MISSED,LINE_COVERED,COMPLEXITY_MISSED,COMPLEXITY_COVERED,METHOD_MISSED,METHOD_COVERED
parking-system,com.parkit.parkingsystem.service,ParkingService,23,219,4,11,8,65,4,11,0,7
parking-system,com.parkit.parkingsystem.service,FareCalculatorService,5,92,2,9,1,22,2,7,0,3
parking-system,com.parkit.parkingsystem,App,12,0,0,0,5,0,3,0,3,0
parking-system,com.parkit.parkingsystem.model,ParkingSpot,18,44,3,5,6,13,7,6,4,5
parking-system,com.parkit.parkingsystem.model,Ticket,14,38,0,0,6,16,4,11,4,11
parking-system,com.parkit.parkingsystem.constants,DBConstants,3,0,0,0,1,0,1,0,1,0
parking-system,com.parkit.parkingsystem.constants,Fare,3,0,0,0,1,0,1,0,1,0
parking-system,com.parkit.parkingsystem.constants,ParkingType,0,15,0,0,0,3,0,1,0,1
parking-system,com.parkit.parkingsystem.util,InputReaderUtil,26,28,4,0,8,9,3,3,1,3
